<?xml version="1.0" encoding="UTF-8"?>
<testsuite name="ui.test.factories.demfa.DemfaEmalTest" tests="3" skipped="0" failures="0" errors="0" timestamp="2023-04-25T08:55:07" hostname="KO-66-PC" time="86.411">
  <properties/>
  <testcase name="Тест - DEMFA - заказ Фасады эмаль глянцевый лак" classname="ui.test.factories.demfa.DemfaEmalTest" time="30.492"/>
  <testcase name="Тест - DEMFA - заказ Фасады эмаль матовая" classname="ui.test.factories.demfa.DemfaEmalTest" time="26.407"/>
  <testcase name="Тест - DEMFA - заказ Фасады эмаль полуматовая" classname="ui.test.factories.demfa.DemfaEmalTest" time="29.507"/>
  <system-out><![CDATA[]]></system-out>
  <system-err><![CDATA[Starting ChromeDriver 111.0.5563.64 (c710e93d5b63b7095afe8c2c17df34408078439d-refs/branch-heads/5563@{#995}) on port 19711
Only local connections are allowed.
Please see https://chromedriver.chromium.org/security-considerations for suggestions on keeping ChromeDriver safe.
ChromeDriver was started successfully.
Starting ChromeDriver 111.0.5563.64 (c710e93d5b63b7095afe8c2c17df34408078439d-refs/branch-heads/5563@{#995}) on port 19148
Only local connections are allowed.
Please see https://chromedriver.chromium.org/security-considerations for suggestions on keeping ChromeDriver safe.
ChromeDriver was started successfully.
Starting ChromeDriver 111.0.5563.64 (c710e93d5b63b7095afe8c2c17df34408078439d-refs/branch-heads/5563@{#995}) on port 35054
Only local connections are allowed.
Please see https://chromedriver.chromium.org/security-considerations for suggestions on keeping ChromeDriver safe.
ChromeDriver was started successfully.
]]></system-err>
</testsuite>
