<?xml version="1.0" encoding="UTF-8"?>
<testsuite name="ui.test.fdmPesronalAreaTest.FdmPersonalAreaTest" tests="4" skipped="0" failures="0" errors="0" timestamp="2023-04-25T09:01:16" hostname="KO-66-PC" time="30.011">
  <properties/>
  <testcase name="Тест - Личный кабинет -  переход по кнопке Оплаченные заказы в л/к" classname="ui.test.fdmPesronalAreaTest.FdmPersonalAreaTest" time="7.178"/>
  <testcase name="Тест - Личный кабинет -  переход по кнопке Образцы декоров в л/к" classname="ui.test.fdmPesronalAreaTest.FdmPersonalAreaTest" time="6.402"/>
  <testcase name="Тест - Личный кабинет -  переход по кнопке Корзина в л/к" classname="ui.test.fdmPesronalAreaTest.FdmPersonalAreaTest" time="9.732"/>
  <testcase name="Тест - Личный кабинет -  переход по кнопке Заказы" classname="ui.test.fdmPesronalAreaTest.FdmPersonalAreaTest" time="6.696"/>
  <system-out><![CDATA[]]></system-out>
  <system-err><![CDATA[Starting ChromeDriver 111.0.5563.64 (c710e93d5b63b7095afe8c2c17df34408078439d-refs/branch-heads/5563@{#995}) on port 34629
Only local connections are allowed.
Please see https://chromedriver.chromium.org/security-considerations for suggestions on keeping ChromeDriver safe.
ChromeDriver was started successfully.
Starting ChromeDriver 111.0.5563.64 (c710e93d5b63b7095afe8c2c17df34408078439d-refs/branch-heads/5563@{#995}) on port 18216
Only local connections are allowed.
Please see https://chromedriver.chromium.org/security-considerations for suggestions on keeping ChromeDriver safe.
ChromeDriver was started successfully.
Starting ChromeDriver 111.0.5563.64 (c710e93d5b63b7095afe8c2c17df34408078439d-refs/branch-heads/5563@{#995}) on port 16601
Only local connections are allowed.
Please see https://chromedriver.chromium.org/security-considerations for suggestions on keeping ChromeDriver safe.
ChromeDriver was started successfully.
Starting ChromeDriver 111.0.5563.64 (c710e93d5b63b7095afe8c2c17df34408078439d-refs/branch-heads/5563@{#995}) on port 26484
Only local connections are allowed.
Please see https://chromedriver.chromium.org/security-considerations for suggestions on keeping ChromeDriver safe.
ChromeDriver was started successfully.
]]></system-err>
</testsuite>
