<?xml version="1.0" encoding="UTF-8"?>
<testsuite name="ui.test.fdmLoginPageTests.FdmLoginPageTest" tests="4" skipped="0" failures="0" errors="0" timestamp="2023-04-21T08:38:05" hostname="KO-66-PC" time="27.051">
  <properties/>
  <testcase name="Тест - Авторизация -  ввод невалидного номера телефона и кода авторизации" classname="ui.test.fdmLoginPageTests.FdmLoginPageTest" time="8.377"/>
  <testcase name="Тест - Авторизация -  ввод неверного кода авторизации" classname="ui.test.fdmLoginPageTests.FdmLoginPageTest" time="6.2"/>
  <testcase name="Тест - Авторизация -  выход из личного кабинета пользователя" classname="ui.test.fdmLoginPageTests.FdmLoginPageTest" time="7.0"/>
  <testcase name="Тест - Авторизация -  ввод валидного номера телефона и кода авторизации" classname="ui.test.fdmLoginPageTests.FdmLoginPageTest" time="5.468"/>
  <system-out><![CDATA[]]></system-out>
  <system-err><![CDATA[Starting ChromeDriver 111.0.5563.64 (c710e93d5b63b7095afe8c2c17df34408078439d-refs/branch-heads/5563@{#995}) on port 41993
Only local connections are allowed.
Please see https://chromedriver.chromium.org/security-considerations for suggestions on keeping ChromeDriver safe.
ChromeDriver was started successfully.
Starting ChromeDriver 111.0.5563.64 (c710e93d5b63b7095afe8c2c17df34408078439d-refs/branch-heads/5563@{#995}) on port 24284
Only local connections are allowed.
Please see https://chromedriver.chromium.org/security-considerations for suggestions on keeping ChromeDriver safe.
ChromeDriver was started successfully.
Starting ChromeDriver 111.0.5563.64 (c710e93d5b63b7095afe8c2c17df34408078439d-refs/branch-heads/5563@{#995}) on port 34014
Only local connections are allowed.
Please see https://chromedriver.chromium.org/security-considerations for suggestions on keeping ChromeDriver safe.
ChromeDriver was started successfully.
Starting ChromeDriver 111.0.5563.64 (c710e93d5b63b7095afe8c2c17df34408078439d-refs/branch-heads/5563@{#995}) on port 31596
Only local connections are allowed.
Please see https://chromedriver.chromium.org/security-considerations for suggestions on keeping ChromeDriver safe.
ChromeDriver was started successfully.
]]></system-err>
</testsuite>
