<?xml version="1.0" encoding="UTF-8"?>
<testsuite name="ui.test.factories.standart.StandartFacadePvhTest" tests="1" skipped="0" failures="0" errors="0" timestamp="2023-04-25T08:59:27" hostname="KO-66-PC" time="28.658">
  <properties/>
  <testcase name="Тест - Стандарт - заказ Фасады ПВХ" classname="ui.test.factories.standart.StandartFacadePvhTest" time="28.658"/>
  <system-out><![CDATA[]]></system-out>
  <system-err><![CDATA[Starting ChromeDriver 111.0.5563.64 (c710e93d5b63b7095afe8c2c17df34408078439d-refs/branch-heads/5563@{#995}) on port 2576
Only local connections are allowed.
Please see https://chromedriver.chromium.org/security-considerations for suggestions on keeping ChromeDriver safe.
ChromeDriver was started successfully.
]]></system-err>
</testsuite>
