<?xml version="1.0" encoding="UTF-8"?>
<testsuite name="ui.test.factories.kedrCompany.KedrTests" tests="5" skipped="0" failures="0" errors="0" timestamp="2023-04-25T08:56:34" hostname="KO-66-PC" time="173.477">
  <properties/>
  <testcase name="Тест - Кедр - заказ Фасады алюминиевый профиль - цветной" classname="ui.test.factories.kedrCompany.KedrTests" time="57.173"/>
  <testcase name="Тест - Кедр - заказ Фасады алюминиевый профиль - silver" classname="ui.test.factories.kedrCompany.KedrTests" time="47.834"/>
  <testcase name="Тест - Кедр - заказ Фасады без окромления" classname="ui.test.factories.kedrCompany.KedrTests" time="18.757"/>
  <testcase name="Тест - Кедр - заказ Фасады алюминиевый профиль - slim" classname="ui.test.factories.kedrCompany.KedrTests" time="19.81"/>
  <testcase name="Тест - Кедр - заказ Фасады с кромкой ПВХ" classname="ui.test.factories.kedrCompany.KedrTests" time="29.896"/>
  <system-out><![CDATA[]]></system-out>
  <system-err><![CDATA[Starting ChromeDriver 111.0.5563.64 (c710e93d5b63b7095afe8c2c17df34408078439d-refs/branch-heads/5563@{#995}) on port 4366
Only local connections are allowed.
Please see https://chromedriver.chromium.org/security-considerations for suggestions on keeping ChromeDriver safe.
ChromeDriver was started successfully.
[1682413040.505][SEVERE]: Timed out receiving message from renderer: 30.000
[1682413040.505][SEVERE]: Timed out receiving message from renderer: 30.000
Starting ChromeDriver 111.0.5563.64 (c710e93d5b63b7095afe8c2c17df34408078439d-refs/branch-heads/5563@{#995}) on port 27280
Only local connections are allowed.
Please see https://chromedriver.chromium.org/security-considerations for suggestions on keeping ChromeDriver safe.
ChromeDriver was started successfully.
[1682413090.860][SEVERE]: Timed out receiving message from renderer: 30.000
[1682413090.860][SEVERE]: Timed out receiving message from renderer: 30.000
Starting ChromeDriver 111.0.5563.64 (c710e93d5b63b7095afe8c2c17df34408078439d-refs/branch-heads/5563@{#995}) on port 44335
Only local connections are allowed.
Please see https://chromedriver.chromium.org/security-considerations for suggestions on keeping ChromeDriver safe.
ChromeDriver was started successfully.
Starting ChromeDriver 111.0.5563.64 (c710e93d5b63b7095afe8c2c17df34408078439d-refs/branch-heads/5563@{#995}) on port 9675
Only local connections are allowed.
Please see https://chromedriver.chromium.org/security-considerations for suggestions on keeping ChromeDriver safe.
ChromeDriver was started successfully.
Starting ChromeDriver 111.0.5563.64 (c710e93d5b63b7095afe8c2c17df34408078439d-refs/branch-heads/5563@{#995}) on port 37592
Only local connections are allowed.
Please see https://chromedriver.chromium.org/security-considerations for suggestions on keeping ChromeDriver safe.
ChromeDriver was started successfully.
]]></system-err>
</testsuite>
