<?xml version="1.0" encoding="UTF-8"?>
<testsuite name="ui.test.fdmRegistrationTests.FdmRegistrationTest" tests="6" skipped="0" failures="0" errors="0" timestamp="2023-04-24T09:45:14" hostname="KO-66-PC" time="23.353">
  <properties/>
  <testcase name="Тест - Регистрация -  ввод валидных значений, заполнение всех полей" classname="ui.test.fdmRegistrationTests.FdmRegistrationTest" time="3.921"/>
  <testcase name="Тест - Регистрация -  Ввод уже зарегестрированного номера телефона" classname="ui.test.fdmRegistrationTests.FdmRegistrationTest" time="3.445"/>
  <testcase name="Тест - Регистрация -  пропуск обязательных полей" classname="ui.test.fdmRegistrationTests.FdmRegistrationTest" time="4.505"/>
  <testcase name="Тест - Регистрация -  ввод не валидных значений" classname="ui.test.fdmRegistrationTests.FdmRegistrationTest" time="4.774"/>
  <testcase name="Тест - Регистрация -  проверка ссылок на документы соглашений" classname="ui.test.fdmRegistrationTests.FdmRegistrationTest" time="3.004"/>
  <testcase name="Тест - Регистрация -  Ввод уже зарегестрированной электронной почты" classname="ui.test.fdmRegistrationTests.FdmRegistrationTest" time="3.699"/>
  <system-out><![CDATA[]]></system-out>
  <system-err><![CDATA[Starting ChromeDriver 111.0.5563.64 (c710e93d5b63b7095afe8c2c17df34408078439d-refs/branch-heads/5563@{#995}) on port 6516
Only local connections are allowed.
Please see https://chromedriver.chromium.org/security-considerations for suggestions on keeping ChromeDriver safe.
ChromeDriver was started successfully.
Starting ChromeDriver 111.0.5563.64 (c710e93d5b63b7095afe8c2c17df34408078439d-refs/branch-heads/5563@{#995}) on port 13255
Only local connections are allowed.
Please see https://chromedriver.chromium.org/security-considerations for suggestions on keeping ChromeDriver safe.
ChromeDriver was started successfully.
Starting ChromeDriver 111.0.5563.64 (c710e93d5b63b7095afe8c2c17df34408078439d-refs/branch-heads/5563@{#995}) on port 22897
Only local connections are allowed.
Please see https://chromedriver.chromium.org/security-considerations for suggestions on keeping ChromeDriver safe.
ChromeDriver was started successfully.
Starting ChromeDriver 111.0.5563.64 (c710e93d5b63b7095afe8c2c17df34408078439d-refs/branch-heads/5563@{#995}) on port 28424
Only local connections are allowed.
Please see https://chromedriver.chromium.org/security-considerations for suggestions on keeping ChromeDriver safe.
ChromeDriver was started successfully.
Starting ChromeDriver 111.0.5563.64 (c710e93d5b63b7095afe8c2c17df34408078439d-refs/branch-heads/5563@{#995}) on port 9358
Only local connections are allowed.
Please see https://chromedriver.chromium.org/security-considerations for suggestions on keeping ChromeDriver safe.
ChromeDriver was started successfully.
Starting ChromeDriver 111.0.5563.64 (c710e93d5b63b7095afe8c2c17df34408078439d-refs/branch-heads/5563@{#995}) on port 35573
Only local connections are allowed.
Please see https://chromedriver.chromium.org/security-considerations for suggestions on keeping ChromeDriver safe.
ChromeDriver was started successfully.
]]></system-err>
</testsuite>
