<?xml version="1.0" encoding="UTF-8"?>
<testsuite name="ui.test.fdmRegistrationTests.FdmRegistrationTest" tests="6" skipped="0" failures="0" errors="0" timestamp="2023-04-21T08:39:42" hostname="KO-66-PC" time="27.318">
  <properties/>
  <testcase name="Тест - Регистрация -  ввод валидных значений, заполнение всех полей" classname="ui.test.fdmRegistrationTests.FdmRegistrationTest" time="4.224"/>
  <testcase name="Тест - Регистрация -  Ввод уже зарегестрированного номера телефона" classname="ui.test.fdmRegistrationTests.FdmRegistrationTest" time="4.567"/>
  <testcase name="Тест - Регистрация -  пропуск обязательных полей" classname="ui.test.fdmRegistrationTests.FdmRegistrationTest" time="4.358"/>
  <testcase name="Тест - Регистрация -  ввод не валидных значений" classname="ui.test.fdmRegistrationTests.FdmRegistrationTest" time="5.087"/>
  <testcase name="Тест - Регистрация -  проверка ссылок на документы соглашений" classname="ui.test.fdmRegistrationTests.FdmRegistrationTest" time="3.871"/>
  <testcase name="Тест - Регистрация -  Ввод уже зарегестрированной электронной почты" classname="ui.test.fdmRegistrationTests.FdmRegistrationTest" time="5.205"/>
  <system-out><![CDATA[]]></system-out>
  <system-err><![CDATA[Starting ChromeDriver 111.0.5563.64 (c710e93d5b63b7095afe8c2c17df34408078439d-refs/branch-heads/5563@{#995}) on port 1845
Only local connections are allowed.
Please see https://chromedriver.chromium.org/security-considerations for suggestions on keeping ChromeDriver safe.
ChromeDriver was started successfully.
Starting ChromeDriver 111.0.5563.64 (c710e93d5b63b7095afe8c2c17df34408078439d-refs/branch-heads/5563@{#995}) on port 41836
Only local connections are allowed.
Please see https://chromedriver.chromium.org/security-considerations for suggestions on keeping ChromeDriver safe.
ChromeDriver was started successfully.
Starting ChromeDriver 111.0.5563.64 (c710e93d5b63b7095afe8c2c17df34408078439d-refs/branch-heads/5563@{#995}) on port 18638
Only local connections are allowed.
Please see https://chromedriver.chromium.org/security-considerations for suggestions on keeping ChromeDriver safe.
ChromeDriver was started successfully.
Starting ChromeDriver 111.0.5563.64 (c710e93d5b63b7095afe8c2c17df34408078439d-refs/branch-heads/5563@{#995}) on port 21657
Only local connections are allowed.
Please see https://chromedriver.chromium.org/security-considerations for suggestions on keeping ChromeDriver safe.
ChromeDriver was started successfully.
Starting ChromeDriver 111.0.5563.64 (c710e93d5b63b7095afe8c2c17df34408078439d-refs/branch-heads/5563@{#995}) on port 29883
Only local connections are allowed.
Please see https://chromedriver.chromium.org/security-considerations for suggestions on keeping ChromeDriver safe.
ChromeDriver was started successfully.
Starting ChromeDriver 111.0.5563.64 (c710e93d5b63b7095afe8c2c17df34408078439d-refs/branch-heads/5563@{#995}) on port 30905
Only local connections are allowed.
Please see https://chromedriver.chromium.org/security-considerations for suggestions on keeping ChromeDriver safe.
ChromeDriver was started successfully.
]]></system-err>
</testsuite>
