<?xml version="1.0" encoding="UTF-8"?>
<testsuite name="ui.test.fdmNavigationPageTests.FdmNavigationTest" tests="12" skipped="0" failures="0" errors="0" timestamp="2023-04-21T15:41:37" hostname="KO-66-PC" time="61.97">
  <properties/>
  <testcase name="Тест - Навигация -  переход по кнопке - Доставка" classname="ui.test.fdmNavigationPageTests.FdmNavigationTest" time="5.402"/>
  <testcase name="Тест - Навигация -  переход по кнопке - Оплата" classname="ui.test.fdmNavigationPageTests.FdmNavigationTest" time="5.504"/>
  <testcase name="Тест - Навигация - проверка отображения элементов" classname="ui.test.fdmNavigationPageTests.FdmNavigationTest" time="4.825"/>
  <testcase name="Тест - Навигация - проверка битых ссылок в футтере сайта" classname="ui.test.fdmNavigationPageTests.FdmNavigationTest" time="4.849"/>
  <testcase name="Тест - Навигация - проверка отображения и работы свайпера на главной" classname="ui.test.fdmNavigationPageTests.FdmNavigationTest" time="5.572"/>
  <testcase name="Тест - Навигация -  переход по кнопке - Каталог" classname="ui.test.fdmNavigationPageTests.FdmNavigationTest" time="5.11"/>
  <testcase name="Тест - Навигация -  переход по баннеру 1 - выбрать производителя" classname="ui.test.fdmNavigationPageTests.FdmNavigationTest" time="5.49"/>
  <testcase name="Тест - Навигация -  переход по баннеру 2 - образцы в подарок" classname="ui.test.fdmNavigationPageTests.FdmNavigationTest" time="5.243"/>
  <testcase name="Тест - Навигация -  переход по баннеру 3 - текущая акция" classname="ui.test.fdmNavigationPageTests.FdmNavigationTest" time="4.719"/>
  <testcase name="Тест - Навигация - проверка видимости производителей в разделе Каталог" classname="ui.test.fdmNavigationPageTests.FdmNavigationTest" time="5.155"/>
  <testcase name="Тест - Навигация -  переход по кнопке - Возврат" classname="ui.test.fdmNavigationPageTests.FdmNavigationTest" time="5.226"/>
  <testcase name="Тест - Навигация - проверка слайдера на главной странице" classname="ui.test.fdmNavigationPageTests.FdmNavigationTest" time="4.864"/>
  <system-out><![CDATA[]]></system-out>
  <system-err><![CDATA[Starting ChromeDriver 111.0.5563.64 (c710e93d5b63b7095afe8c2c17df34408078439d-refs/branch-heads/5563@{#995}) on port 21747
Only local connections are allowed.
Please see https://chromedriver.chromium.org/security-considerations for suggestions on keeping ChromeDriver safe.
ChromeDriver was started successfully.
Starting ChromeDriver 111.0.5563.64 (c710e93d5b63b7095afe8c2c17df34408078439d-refs/branch-heads/5563@{#995}) on port 47110
Only local connections are allowed.
Please see https://chromedriver.chromium.org/security-considerations for suggestions on keeping ChromeDriver safe.
ChromeDriver was started successfully.
Starting ChromeDriver 111.0.5563.64 (c710e93d5b63b7095afe8c2c17df34408078439d-refs/branch-heads/5563@{#995}) on port 10968
Only local connections are allowed.
Please see https://chromedriver.chromium.org/security-considerations for suggestions on keeping ChromeDriver safe.
ChromeDriver was started successfully.
Starting ChromeDriver 111.0.5563.64 (c710e93d5b63b7095afe8c2c17df34408078439d-refs/branch-heads/5563@{#995}) on port 25898
Only local connections are allowed.
Please see https://chromedriver.chromium.org/security-considerations for suggestions on keeping ChromeDriver safe.
ChromeDriver was started successfully.
Starting ChromeDriver 111.0.5563.64 (c710e93d5b63b7095afe8c2c17df34408078439d-refs/branch-heads/5563@{#995}) on port 48416
Only local connections are allowed.
Please see https://chromedriver.chromium.org/security-considerations for suggestions on keeping ChromeDriver safe.
ChromeDriver was started successfully.
Starting ChromeDriver 111.0.5563.64 (c710e93d5b63b7095afe8c2c17df34408078439d-refs/branch-heads/5563@{#995}) on port 26670
Only local connections are allowed.
Please see https://chromedriver.chromium.org/security-considerations for suggestions on keeping ChromeDriver safe.
ChromeDriver was started successfully.
Starting ChromeDriver 111.0.5563.64 (c710e93d5b63b7095afe8c2c17df34408078439d-refs/branch-heads/5563@{#995}) on port 20727
Only local connections are allowed.
Please see https://chromedriver.chromium.org/security-considerations for suggestions on keeping ChromeDriver safe.
ChromeDriver was started successfully.
Starting ChromeDriver 111.0.5563.64 (c710e93d5b63b7095afe8c2c17df34408078439d-refs/branch-heads/5563@{#995}) on port 43191
Only local connections are allowed.
Please see https://chromedriver.chromium.org/security-considerations for suggestions on keeping ChromeDriver safe.
ChromeDriver was started successfully.
Starting ChromeDriver 111.0.5563.64 (c710e93d5b63b7095afe8c2c17df34408078439d-refs/branch-heads/5563@{#995}) on port 9366
Only local connections are allowed.
Please see https://chromedriver.chromium.org/security-considerations for suggestions on keeping ChromeDriver safe.
ChromeDriver was started successfully.
Starting ChromeDriver 111.0.5563.64 (c710e93d5b63b7095afe8c2c17df34408078439d-refs/branch-heads/5563@{#995}) on port 39410
Only local connections are allowed.
Please see https://chromedriver.chromium.org/security-considerations for suggestions on keeping ChromeDriver safe.
ChromeDriver was started successfully.
Starting ChromeDriver 111.0.5563.64 (c710e93d5b63b7095afe8c2c17df34408078439d-refs/branch-heads/5563@{#995}) on port 13389
Only local connections are allowed.
Please see https://chromedriver.chromium.org/security-considerations for suggestions on keeping ChromeDriver safe.
ChromeDriver was started successfully.
Starting ChromeDriver 111.0.5563.64 (c710e93d5b63b7095afe8c2c17df34408078439d-refs/branch-heads/5563@{#995}) on port 6437
Only local connections are allowed.
Please see https://chromedriver.chromium.org/security-considerations for suggestions on keeping ChromeDriver safe.
ChromeDriver was started successfully.
]]></system-err>
</testsuite>
